<?xml version="1.0" encoding="UTF-8" ?>
<testsuite tests="56" failures="0" name="zad03.RomanTest" time="0.015" errors="0" skipped="0">
  <properties>
    <property name="java.runtime.name" value="Java(TM) SE Runtime Environment"/>
    <property name="sun.boot.library.path" value="C:\Java\jre1.8.0_40\bin"/>
    <property name="java.vm.version" value="25.40-b25"/>
    <property name="java.vm.vendor" value="Oracle Corporation"/>
    <property name="java.vendor.url" value="http://java.oracle.com/"/>
    <property name="path.separator" value=";"/>
    <property name="guice.disable.misplaced.annotation.check" value="true"/>
    <property name="java.vm.name" value="Java HotSpot(TM) 64-Bit Server VM"/>
    <property name="file.encoding.pkg" value="sun.io"/>
    <property name="user.script" value=""/>
    <property name="user.country" value="US"/>
    <property name="sun.java.launcher" value="SUN_STANDARD"/>
    <property name="sun.os.patch.level" value=""/>
    <property name="java.vm.specification.name" value="Java Virtual Machine Specification"/>
    <property name="user.dir" value="C:\Users\ljercha\Documents\lab01maven"/>
    <property name="java.runtime.version" value="1.8.0_40-b25"/>
    <property name="java.awt.graphicsenv" value="sun.awt.Win32GraphicsEnvironment"/>
    <property name="java.endorsed.dirs" value="C:\Java\jre1.8.0_40\lib\endorsed"/>
    <property name="os.arch" value="amd64"/>
    <property name="java.io.tmpdir" value="C:\Users\ljercha\AppData\Local\Temp\2\"/>
    <property name="line.separator" value="
"/>
    <property name="java.vm.specification.vendor" value="Oracle Corporation"/>
    <property name="user.variant" value=""/>
    <property name="os.name" value="Windows Server 2012 R2"/>
    <property name="classworlds.conf" value="C:\Users\ljercha\Documents\.metadata\.plugins\org.eclipse.m2e.launching\launches\m2conf2066641569743807947.tmp"/>
    <property name="sun.jnu.encoding" value="Cp1252"/>
    <property name="java.library.path" value="C:\Java\jre1.8.0_40\bin;C:\Windows\Sun\Java\bin;C:\Windows\system32;C:\Windows;C:/Java/jre1.8.0_40/bin/server;C:/Java/jre1.8.0_40/bin;C:/Java/jre1.8.0_40/lib/amd64;C:\ProgramData\Oracle\Java\javapath;C:\Windows\system32;C:\Windows;C:\Windows\System32\Wbem;C:\Windows\System32\WindowsPowerShell\v1.0\;C:\Program Files (x86)\Windows Kits\8.1\Windows Performance Toolkit\;C:\Program Files\Microsoft SQL Server\110\Tools\Binn\;C:\apache-maven-3.2.5\bin;C:\eclipse;;."/>
    <property name="java.specification.name" value="Java Platform API Specification"/>
    <property name="java.class.version" value="52.0"/>
    <property name="sun.management.compiler" value="HotSpot 64-Bit Tiered Compilers"/>
    <property name="os.version" value="6.3"/>
    <property name="user.home" value="C:\Users\ljercha"/>
    <property name="user.timezone" value="UTC"/>
    <property name="java.awt.printerjob" value="sun.awt.windows.WPrinterJob"/>
    <property name="java.specification.version" value="1.8"/>
    <property name="file.encoding" value="Cp1252"/>
    <property name="user.name" value="ljercha"/>
    <property name="java.class.path" value="/C:/eclipse/plugins/org.eclipse.m2e.maven.runtime_1.5.1.20150109-1819/jars/plexus-classworlds-2.5.1.jar"/>
    <property name="org.slf4j.simpleLogger.defaultLogLevel" value="info"/>
    <property name="java.vm.specification.version" value="1.8"/>
    <property name="sun.arch.data.model" value="64"/>
    <property name="java.home" value="C:\Java\jre1.8.0_40"/>
    <property name="sun.java.command" value="org.codehaus.plexus.classworlds.launcher.Launcher -B test"/>
    <property name="java.specification.vendor" value="Oracle Corporation"/>
    <property name="user.language" value="en"/>
    <property name="awt.toolkit" value="sun.awt.windows.WToolkit"/>
    <property name="java.vm.info" value="mixed mode"/>
    <property name="java.version" value="1.8.0_40"/>
    <property name="java.ext.dirs" value="C:\Java\jre1.8.0_40\lib\ext;C:\Windows\Sun\Java\lib\ext"/>
    <property name="sun.boot.class.path" value="C:\Java\jre1.8.0_40\lib\resources.jar;C:\Java\jre1.8.0_40\lib\rt.jar;C:\Java\jre1.8.0_40\lib\sunrsasign.jar;C:\Java\jre1.8.0_40\lib\jsse.jar;C:\Java\jre1.8.0_40\lib\jce.jar;C:\Java\jre1.8.0_40\lib\charsets.jar;C:\Java\jre1.8.0_40\lib\jfr.jar;C:\Java\jre1.8.0_40\classes"/>
    <property name="java.vendor" value="Oracle Corporation"/>
    <property name="maven.home" value="C:\Users\ljercha\Documents\lab01maven\EMBEDDED"/>
    <property name="file.separator" value="\"/>
    <property name="java.vendor.url.bug" value="http://bugreport.sun.com/bugreport/"/>
    <property name="sun.cpu.endian" value="little"/>
    <property name="sun.io.unicode.encoding" value="UnicodeLittle"/>
    <property name="sun.desktop" value="windows"/>
    <property name="sun.cpu.isalist" value="amd64"/>
  </properties>
  <testcase classname="zad03.RomanTest" name="checkRomeNumber[0]" time="0.007"/>
  <testcase classname="zad03.RomanTest" name="checkRomeNumber[1]" time="0"/>
  <testcase classname="zad03.RomanTest" name="checkRomeNumber[2]" time="0"/>
  <testcase classname="zad03.RomanTest" name="checkRomeNumber[3]" time="0"/>
  <testcase classname="zad03.RomanTest" name="checkRomeNumber[4]" time="0.002"/>
  <testcase classname="zad03.RomanTest" name="checkRomeNumber[5]" time="0"/>
  <testcase classname="zad03.RomanTest" name="checkRomeNumber[6]" time="0.001"/>
  <testcase classname="zad03.RomanTest" name="checkRomeNumber[7]" time="0.002"/>
  <testcase classname="zad03.RomanTest" name="checkRomeNumber[8]" time="0"/>
  <testcase classname="zad03.RomanTest" name="checkRomeNumber[9]" time="0"/>
  <testcase classname="zad03.RomanTest" name="checkRomeNumber[10]" time="0"/>
  <testcase classname="zad03.RomanTest" name="checkRomeNumber[11]" time="0"/>
  <testcase classname="zad03.RomanTest" name="checkRomeNumber[12]" time="0"/>
  <testcase classname="zad03.RomanTest" name="checkRomeNumber[13]" time="0"/>
  <testcase classname="zad03.RomanTest" name="checkRomeNumber[14]" time="0.002"/>
  <testcase classname="zad03.RomanTest" name="checkRomeNumber[15]" time="0"/>
  <testcase classname="zad03.RomanTest" name="checkRomeNumber[16]" time="0"/>
  <testcase classname="zad03.RomanTest" name="checkRomeNumber[17]" time="0"/>
  <testcase classname="zad03.RomanTest" name="checkRomeNumber[18]" time="0"/>
  <testcase classname="zad03.RomanTest" name="checkRomeNumber[19]" time="0"/>
  <testcase classname="zad03.RomanTest" name="checkRomeNumber[20]" time="0"/>
  <testcase classname="zad03.RomanTest" name="checkRomeNumber[21]" time="0"/>
  <testcase classname="zad03.RomanTest" name="checkRomeNumber[22]" time="0"/>
  <testcase classname="zad03.RomanTest" name="checkRomeNumber[23]" time="0"/>
  <testcase classname="zad03.RomanTest" name="checkRomeNumber[24]" time="0"/>
  <testcase classname="zad03.RomanTest" name="checkRomeNumber[25]" time="0"/>
  <testcase classname="zad03.RomanTest" name="checkRomeNumber[26]" time="0"/>
  <testcase classname="zad03.RomanTest" name="checkRomeNumber[27]" time="0"/>
  <testcase classname="zad03.RomanTest" name="checkRomeNumber[28]" time="0.001"/>
  <testcase classname="zad03.RomanTest" name="checkRomeNumber[29]" time="0"/>
  <testcase classname="zad03.RomanTest" name="checkRomeNumber[30]" time="0"/>
  <testcase classname="zad03.RomanTest" name="checkRomeNumber[31]" time="0"/>
  <testcase classname="zad03.RomanTest" name="checkRomeNumber[32]" time="0"/>
  <testcase classname="zad03.RomanTest" name="checkRomeNumber[33]" time="0"/>
  <testcase classname="zad03.RomanTest" name="checkRomeNumber[34]" time="0"/>
  <testcase classname="zad03.RomanTest" name="checkRomeNumber[35]" time="0"/>
  <testcase classname="zad03.RomanTest" name="checkRomeNumber[36]" time="0"/>
  <testcase classname="zad03.RomanTest" name="checkRomeNumber[37]" time="0"/>
  <testcase classname="zad03.RomanTest" name="checkRomeNumber[38]" time="0"/>
  <testcase classname="zad03.RomanTest" name="checkRomeNumber[39]" time="0"/>
  <testcase classname="zad03.RomanTest" name="checkRomeNumber[40]" time="0"/>
  <testcase classname="zad03.RomanTest" name="checkRomeNumber[41]" time="0"/>
  <testcase classname="zad03.RomanTest" name="checkRomeNumber[42]" time="0"/>
  <testcase classname="zad03.RomanTest" name="checkRomeNumber[43]" time="0"/>
  <testcase classname="zad03.RomanTest" name="checkRomeNumber[44]" time="0"/>
  <testcase classname="zad03.RomanTest" name="checkRomeNumber[45]" time="0"/>
  <testcase classname="zad03.RomanTest" name="checkRomeNumber[46]" time="0"/>
  <testcase classname="zad03.RomanTest" name="checkRomeNumber[47]" time="0"/>
  <testcase classname="zad03.RomanTest" name="checkRomeNumber[48]" time="0"/>
  <testcase classname="zad03.RomanTest" name="checkRomeNumber[49]" time="0"/>
  <testcase classname="zad03.RomanTest" name="checkRomeNumber[50]" time="0"/>
  <testcase classname="zad03.RomanTest" name="checkRomeNumber[51]" time="0"/>
  <testcase classname="zad03.RomanTest" name="checkRomeNumber[52]" time="0"/>
  <testcase classname="zad03.RomanTest" name="checkRomeNumber[53]" time="0"/>
  <testcase classname="zad03.RomanTest" name="checkRomeNumber[54]" time="0"/>
  <testcase classname="zad03.RomanTest" name="checkRomeNumber[55]" time="0"/>
</testsuite>